<?xml version="1.0" encoding="UTF-8" ?>
<testsuites name="vitest tests" tests="145" failures="0" errors="0" time="16.67727322">
    <testsuite name="test/analytics.e2e-spec.ts" timestamp="2026-01-25T09:34:39.892Z" hostname="runnervmymu0l" tests="19" failures="0" errors="0" skipped="0" time="0.64460405">
        <testcase classname="test/analytics.e2e-spec.ts" name="AnalyticsController (e2e) &gt; POST /api/v2/analytics/record &gt; should record pageview analytics" time="0.010029701">
        </testcase>
        <testcase classname="test/analytics.e2e-spec.ts" name="AnalyticsController (e2e) &gt; POST /api/v2/analytics/record &gt; should record event analytics with data" time="0.004817246">
        </testcase>
        <testcase classname="test/analytics.e2e-spec.ts" name="AnalyticsController (e2e) &gt; POST /api/v2/analytics/record &gt; should reject invalid analytics type with 500 (ZodError)" time="0.006520173">
            <system-out>
2026-01-25 09:33:23 [31m[31merror[31m[39m: [PerformanceInterceptor] POST /api/v2/analytics/record 500 1ms [::ffff:127.0.0.1] - ERROR: [
  {
    &quot;code&quot;: &quot;custom&quot;,
    &quot;path&quot;: [
      &quot;type&quot;
    ],
    &quot;message&quot;: &quot;分析类型必须是 pageview、event 或 api_call&quot;
  }
]
ZodError: [
  {
    &quot;code&quot;: &quot;custom&quot;,
    &quot;path&quot;: [
      &quot;type&quot;
    ],
    &quot;message&quot;: &quot;分析类型必须是 pageview、event 或 api_call&quot;
  }
]
    at AnalyticsController.recordAnalytics (/home/runner/work/vanblog/vanblog/packages/server-ng/src/modules/analytics/analytics.controller.ts:89:41)
    at /home/runner/work/vanblog/vanblog/node_modules/.pnpm/@nestjs+core@11.0.16_@nestjs+common@11.0.16_class-transformer@0.5.1_class-validator@0.1_a8918efb710a5790ab922bd8c20f72aa/node_modules/@nestjs/core/router/router-execution-context.js:38:29
    at processTicksAndRejections (node:internal/process/task_queues:105:5)

            </system-out>
        </testcase>
        <testcase classname="test/analytics.e2e-spec.ts" name="AnalyticsController (e2e) &gt; POST /api/v2/article/:id/view &gt; should record article view" time="0.004027668">
        </testcase>
        <testcase classname="test/analytics.e2e-spec.ts" name="AnalyticsController (e2e) &gt; POST /api/v2/article/:id/view &gt; should reject invalid article ID" time="0.004060089">
            <system-out>
2026-01-25 09:33:23 [31m[31merror[31m[39m: [PerformanceInterceptor] POST /api/v2/article/invalid/view 500 1ms [::ffff:127.0.0.1] - ERROR: Validation failed (numeric string is expected)
BadRequestException: Validation failed (numeric string is expected)
    at ParseIntPipe.exceptionFactory (/home/runner/work/vanblog/vanblog/node_modules/.pnpm/@nestjs+common@11.0.16_class-transformer@0.5.1_class-validator@0.14.1_file-type@16.5.4_reflect-metadata@0.2.2_rxjs@7.8.2/node_modules/@nestjs/common/pipes/parse-int.pipe.js:24:27)
    at ParseIntPipe.transform (/home/runner/work/vanblog/vanblog/node_modules/.pnpm/@nestjs+common@11.0.16_class-transformer@0.5.1_class-validator@0.14.1_file-type@16.5.4_reflect-metadata@0.2.2_rxjs@7.8.2/node_modules/@nestjs/common/pipes/parse-int.pipe.js:38:24)
    at /home/runner/work/vanblog/vanblog/node_modules/.pnpm/@nestjs+core@11.0.16_@nestjs+common@11.0.16_class-transformer@0.5.1_class-validator@0.1_a8918efb710a5790ab922bd8c20f72aa/node_modules/@nestjs/core/pipes/pipes-consumer.js:16:33
    at processTicksAndRejections (node:internal/process/task_queues:105:5)
    at resolveParamValue (/home/runner/work/vanblog/vanblog/node_modules/.pnpm/@nestjs+core@11.0.16_@nestjs+common@11.0.16_class-transformer@0.5.1_class-validator@0.1_a8918efb710a5790ab922bd8c20f72aa/node_modules/@nestjs/core/router/router-execution-context.js:148:23)
    at async Promise.all (index 2)
    at pipesFn (/home/runner/work/vanblog/vanblog/node_modules/.pnpm/@nestjs+core@11.0.16_@nestjs+common@11.0.16_class-transformer@0.5.1_class-validator@0.1_a8918efb710a5790ab922bd8c20f72aa/node_modules/@nestjs/core/router/router-execution-context.js:151:13)
    at /home/runner/work/vanblog/vanblog/node_modules/.pnpm/@nestjs+core@11.0.16_@nestjs+common@11.0.16_class-transformer@0.5.1_class-validator@0.1_a8918efb710a5790ab922bd8c20f72aa/node_modules/@nestjs/core/router/router-execution-context.js:37:30

            </system-out>
        </testcase>
        <testcase classname="test/analytics.e2e-spec.ts" name="AnalyticsController (e2e) &gt; POST /api/v2/article/:id/reading-time &gt; should record reading time" time="0.004291289">
        </testcase>
        <testcase classname="test/analytics.e2e-spec.ts" name="AnalyticsController (e2e) &gt; GET /api/v2/admin/analytics/overview &gt; should require authentication" time="0.002925255">
        </testcase>
        <testcase classname="test/analytics.e2e-spec.ts" name="AnalyticsController (e2e) &gt; GET /api/v2/admin/analytics/overview &gt; should return analytics overview with auth" time="0.00793997">
        </testcase>
        <testcase classname="test/analytics.e2e-spec.ts" name="AnalyticsController (e2e) &gt; GET /api/v2/admin/analytics/page-rankings &gt; should return page rankings" time="0.010955545">
        </testcase>
        <testcase classname="test/analytics.e2e-spec.ts" name="AnalyticsController (e2e) &gt; GET /api/v2/admin/analytics/referrers &gt; should return referrer statistics" time="0.004421345">
        </testcase>
        <testcase classname="test/analytics.e2e-spec.ts" name="AnalyticsController (e2e) &gt; GET /api/v2/admin/analytics/chart &gt; should return chart data" time="0.005126255">
        </testcase>
        <testcase classname="test/analytics.e2e-spec.ts" name="AnalyticsController (e2e) &gt; GET /api/v2/admin/analytics/devices &gt; should return device statistics" time="0.014142299">
        </testcase>
        <testcase classname="test/analytics.e2e-spec.ts" name="AnalyticsController (e2e) &gt; GET /api/v2/admin/analytics/browsers &gt; should return browser statistics" time="0.007762391">
        </testcase>
        <testcase classname="test/analytics.e2e-spec.ts" name="AnalyticsController (e2e) &gt; GET /api/v2/admin/analytics/articles/top &gt; should return top articles" time="0.003968197">
        </testcase>
        <testcase classname="test/analytics.e2e-spec.ts" name="AnalyticsController (e2e) &gt; GET /api/v2/admin/analytics/export &gt; should export analytics data" time="0.004090316">
        </testcase>
        <testcase classname="test/analytics.e2e-spec.ts" name="AnalyticsController (e2e) &gt; ETag &amp; DerivedView caching &gt; should return ETag header on cached analytics endpoints" time="0.004681702">
        </testcase>
        <testcase classname="test/analytics.e2e-spec.ts" name="AnalyticsController (e2e) &gt; ETag &amp; DerivedView caching &gt; should return 304 when If-None-Match matches ETag" time="0.005202437">
        </testcase>
        <testcase classname="test/analytics.e2e-spec.ts" name="AnalyticsController (e2e) &gt; ETag &amp; DerivedView caching &gt; should cache analytics data with different query parameters" time="0.008577981">
        </testcase>
        <testcase classname="test/analytics.e2e-spec.ts" name="AnalyticsController (e2e) &gt; ETag &amp; DerivedView caching &gt; should return fresh data when cache is invalidated" time="0.016669811">
        </testcase>
    </testsuite>
    <testsuite name="test/anonymous-access.e2e-spec.ts" timestamp="2026-01-25T09:34:39.898Z" hostname="runnervmymu0l" tests="4" failures="0" errors="0" skipped="0" time="0.448522437">
        <testcase classname="test/anonymous-access.e2e-spec.ts" name="Anonymous visitor token (e2e) &gt; POST /api/v2/auth/anonymous should issue an anonymous access token" time="0.019202172">
        </testcase>
        <testcase classname="test/anonymous-access.e2e-spec.ts" name="Anonymous visitor token (e2e) &gt; GET /api/v2/sitemap/status should be accessible with anonymous token (viewer role -&gt; sitemap:read)" time="0.0111288">
        </testcase>
        <testcase classname="test/anonymous-access.e2e-spec.ts" name="Anonymous visitor token (e2e) &gt; GET /api/v2/sitemap/urls should be accessible with anonymous token (viewer role -&gt; sitemap:read)" time="0.007914924">
        </testcase>
        <testcase classname="test/anonymous-access.e2e-spec.ts" name="Anonymous visitor token (e2e) &gt; POST /api/v2/sitemap/generate should be forbidden (403) with anonymous token (missing sitemap:generate)" time="0.004439089">
        </testcase>
    </testsuite>
    <testsuite name="test/app.e2e-spec.ts" timestamp="2026-01-25T09:34:39.899Z" hostname="runnervmymu0l" tests="1" failures="0" errors="0" skipped="0" time="0.266097647">
        <testcase classname="test/app.e2e-spec.ts" name="AppController (e2e) &gt; / (GET)" time="0.021950303">
        </testcase>
    </testsuite>
    <testsuite name="test/article-by-path.e2e-spec.ts" timestamp="2026-01-25T09:34:39.899Z" hostname="runnervmymu0l" tests="2" failures="0" errors="0" skipped="0" time="0.525597819">
        <testcase classname="test/article-by-path.e2e-spec.ts" name="ArticleController - by-path (e2e) &gt; GET /api/v2/articles/by-path/:pathname should return the article" time="0.005614739">
        </testcase>
        <testcase classname="test/article-by-path.e2e-spec.ts" name="ArticleController - by-path (e2e) &gt; GET /api/v2/articles/by-path/:pathname should 404 for non-existing" time="0.006162084">
            <system-out>
2026-01-25 09:34:22 [31m[31merror[31m[39m: [PerformanceInterceptor] GET /api/v2/articles/by-path/not-exist-slug 500 0ms [::ffff:127.0.0.1] - ERROR: Article with pathname not-exist-slug not found
NotFoundException: Article with pathname not-exist-slug not found
    at ArticleService.findOneByPathname (/home/runner/work/vanblog/vanblog/packages/server-ng/src/modules/article/article.service.ts:518:13)
    at processTicksAndRejections (node:internal/process/task_queues:105:5)

            </system-out>
        </testcase>
    </testsuite>
    <testsuite name="test/article-verify-by-path.e2e-spec.ts" timestamp="2026-01-25T09:34:39.900Z" hostname="runnervmymu0l" tests="2" failures="0" errors="0" skipped="0" time="0.662212626">
        <testcase classname="test/article-verify-by-path.e2e-spec.ts" name="ArticleController - verify by pathname (e2e) &gt; should deny access to private article by pathname without token" time="0.005724365">
        </testcase>
        <testcase classname="test/article-verify-by-path.e2e-spec.ts" name="ArticleController - verify by pathname (e2e) &gt; should verify password by pathname and then access article with token" time="0.070337308">
        </testcase>
    </testsuite>
    <testsuite name="test/bootstrap-extensions.e2e-spec.ts" timestamp="2026-01-25T09:34:39.900Z" hostname="runnervmymu0l" tests="3" failures="0" errors="0" skipped="0" time="0.453376115">
        <testcase classname="test/bootstrap-extensions.e2e-spec.ts" name="BootstrapController - extensions field (e2e) &gt; GET /api/v2/public/bootstrap should include extensions field" time="0.02437714">
        </testcase>
        <testcase classname="test/bootstrap-extensions.e2e-spec.ts" name="BootstrapController - extensions field (e2e) &gt; extensions field should contain plugin data when plugins are registered" time="0.00825409">
        </testcase>
        <testcase classname="test/bootstrap-extensions.e2e-spec.ts" name="BootstrapController - extensions field (e2e) &gt; should handle plugin data transformation via hooks" time="0.005037439">
        </testcase>
    </testsuite>
    <testsuite name="test/bootstrap.e2e-spec.ts" timestamp="2026-01-25T09:34:39.901Z" hostname="runnervmymu0l" tests="1" failures="0" errors="0" skipped="0" time="0.428858002">
        <testcase classname="test/bootstrap.e2e-spec.ts" name="BootstrapController (e2e) &gt; GET /api/v2/public/bootstrap should return 200 and expected structure" time="0.029298078">
        </testcase>
    </testsuite>
    <testsuite name="test/csrf.e2e-spec.ts" timestamp="2026-01-25T09:34:39.902Z" hostname="runnervmymu0l" tests="1" failures="0" errors="0" skipped="0" time="0.367001833">
        <testcase classname="test/csrf.e2e-spec.ts" name="CSRF Protection (e2e) &gt; should get CSRF token from endpoint" time="0.027556817">
        </testcase>
    </testsuite>
    <testsuite name="test/custom-page.e2e-spec.ts" timestamp="2026-01-25T09:34:39.902Z" hostname="runnervmymu0l" tests="6" failures="0" errors="0" skipped="0" time="0.451899945">
        <testcase classname="test/custom-page.e2e-spec.ts" name="CustomPageController (e2e) &gt; GET /api/v2/public/customPage/all &gt; should return empty array when no custom pages exist" time="0.01934133">
        </testcase>
        <testcase classname="test/custom-page.e2e-spec.ts" name="CustomPageController (e2e) &gt; GET /api/v2/public/customPage/all &gt; should return all custom pages" time="0.005680812">
        </testcase>
        <testcase classname="test/custom-page.e2e-spec.ts" name="CustomPageController (e2e) &gt; GET /api/v2/public/customPage &gt; should require path parameter" time="0.006155294">
            <system-out>
2026-01-25 09:33:47 [31m[31merror[31m[39m: [PerformanceInterceptor] GET /api/v2/public/customPage 500 1ms [::ffff:127.0.0.1] - ERROR: Path parameter is required
NotFoundException: Path parameter is required
    at CustomPageController.getCustomPage (/home/runner/work/vanblog/vanblog/packages/server-ng/src/modules/public/custom-page.controller.ts:39:13)
    at /home/runner/work/vanblog/vanblog/node_modules/.pnpm/@nestjs+core@11.0.16_@nestjs+common@11.0.16_class-transformer@0.5.1_class-validator@0.1_a8918efb710a5790ab922bd8c20f72aa/node_modules/@nestjs/core/router/router-execution-context.js:38:29
    at processTicksAndRejections (node:internal/process/task_queues:105:5)

            </system-out>
        </testcase>
        <testcase classname="test/custom-page.e2e-spec.ts" name="CustomPageController (e2e) &gt; GET /api/v2/public/customPage &gt; should return 404 for non-existent custom page" time="0.006633125">
            <system-out>
2026-01-25 09:33:47 [31m[31merror[31m[39m: [PerformanceInterceptor] GET /api/v2/public/customPage?path=%2Fnon-existent 500 0ms [::ffff:127.0.0.1] - ERROR: Custom page not found for path: /non-existent
NotFoundException: Custom page not found for path: /non-existent
    at CustomPageController.getCustomPage (/home/runner/work/vanblog/vanblog/packages/server-ng/src/modules/public/custom-page.controller.ts:44:13)
    at processTicksAndRejections (node:internal/process/task_queues:105:5)

            </system-out>
        </testcase>
        <testcase classname="test/custom-page.e2e-spec.ts" name="CustomPageController (e2e) &gt; GET /api/v2/public/customPage &gt; should return markdown custom page with rendered HTML" time="0.00952127">
        </testcase>
        <testcase classname="test/custom-page.e2e-spec.ts" name="CustomPageController (e2e) &gt; GET /api/v2/public/customPage &gt; should return HTML custom page as-is" time="0.004178888">
        </testcase>
    </testsuite>
    <testsuite name="test/debug-permissions.e2e-spec.ts" timestamp="2026-01-25T09:34:39.904Z" hostname="runnervmymu0l" tests="1" failures="0" errors="0" skipped="0" time="1.355574998">
        <testcase classname="test/debug-permissions.e2e-spec.ts" name="Debug Permissions Initialization &gt; should have viewer role with sitemap:read permissions" time="1.006992005">
        </testcase>
    </testsuite>
    <testsuite name="test/debug-simple.e2e-spec.ts" timestamp="2026-01-25T09:34:39.904Z" hostname="runnervmymu0l" tests="1" failures="0" errors="0" skipped="0" time="0.809692029">
        <testcase classname="test/debug-simple.e2e-spec.ts" name="Anonymous Permission Chain (e2e) &gt; should validate anonymous permission chain" time="0.808354796">
            <system-out>
2026-01-25 09:34:31 [32m[32minfo[32m[39m: [Database] Initializing database with driver: local
2026-01-25 09:34:31 [32m[32minfo[32m[39m: [Database] Database connection established

2026-01-25 09:34:31 [32m[32minfo[32m[39m: [Database] Foreign key constraints enabled

2026-01-25 09:34:31 [32m[32minfo[32m[39m: LoaderService initialized
2026-01-25 09:34:31 [32m[32minfo[32m[39m: LoaderService initialized

2026-01-25 09:34:31 [32m[32minfo[32m[39m: LoaderService: plugin modules are loaded via PluginModule.forRoot, skip internal scanning

2026-01-25 09:34:31 [32m[32minfo[32m[39m: LoaderService: plugin modules are loaded via PluginModule.forRoot, skip internal scanning

匿名用户原始权限: [ [32m&apos;role:viewer&apos;[39m ]
解析后权限: [
  [32m&apos;user:read&apos;[39m,     [32m&apos;analytics:read&apos;[39m,
  [32m&apos;setting:read&apos;[39m,  [32m&apos;plugin:read&apos;[39m,
  [32m&apos;webhook:read&apos;[39m,  [32m&apos;article:read&apos;[39m,
  [32m&apos;category:read&apos;[39m, [32m&apos;tag:read&apos;[39m,
  [32m&apos;draft:read&apos;[39m,    [32m&apos;media:read&apos;[39m,
  [32m&apos;rss:read&apos;[39m,      [32m&apos;sitemap:read&apos;[39m,
  [32m&apos;backup:read&apos;[39m
]
包含 sitemap:read: [33mtrue[39m

hasPermissions 结果: [33mtrue[39m

            </system-out>
        </testcase>
    </testsuite>
    <testsuite name="test/health.e2e-spec.ts" timestamp="2026-01-25T09:34:39.905Z" hostname="runnervmymu0l" tests="1" failures="0" errors="0" skipped="0" time="0.331523273">
        <testcase classname="test/health.e2e-spec.ts" name="HealthController (e2e) &gt; /api/v2/health (GET)" time="0.023892007">
        </testcase>
    </testsuite>
    <testsuite name="test/hook-integration.e2e-spec.ts" timestamp="2026-01-25T09:34:39.906Z" hostname="runnervmymu0l" tests="12" failures="0" errors="0" skipped="0" time="0.471159703">
        <testcase classname="test/hook-integration.e2e-spec.ts" name="Hook Integration (e2e) &gt; Article Hook Integration &gt; should trigger article|beforeCreate filter hook" time="0.014072325">
        </testcase>
        <testcase classname="test/hook-integration.e2e-spec.ts" name="Hook Integration (e2e) &gt; Article Hook Integration &gt; should trigger article|afterCreate action hook" time="0.010753086">
        </testcase>
        <testcase classname="test/hook-integration.e2e-spec.ts" name="Hook Integration (e2e) &gt; Article Hook Integration &gt; should trigger article|beforeUpdate filter hook" time="0.014352642">
        </testcase>
        <testcase classname="test/hook-integration.e2e-spec.ts" name="Hook Integration (e2e) &gt; Article Hook Integration &gt; should trigger article|beforeDelete and article|afterDelete hooks" time="0.007877183">
        </testcase>
        <testcase classname="test/hook-integration.e2e-spec.ts" name="Hook Integration (e2e) &gt; Draft Hook Integration &gt; should trigger draft|beforeCreate filter hook" time="0.006761565">
        </testcase>
        <testcase classname="test/hook-integration.e2e-spec.ts" name="Hook Integration (e2e) &gt; Draft Hook Integration &gt; should trigger draft|afterCreate action hook" time="0.006579114">
        </testcase>
        <testcase classname="test/hook-integration.e2e-spec.ts" name="Hook Integration (e2e) &gt; Draft Hook Integration &gt; should trigger draft|beforeUpdate filter hook" time="0.010194901">
        </testcase>
        <testcase classname="test/hook-integration.e2e-spec.ts" name="Hook Integration (e2e) &gt; Draft Hook Integration &gt; should trigger draft|beforeDelete and draft|afterDelete hooks" time="0.009034459">
        </testcase>
        <testcase classname="test/hook-integration.e2e-spec.ts" name="Hook Integration (e2e) &gt; Hook Service Management &gt; should allow adding and removing hooks" time="0.005357678">
        </testcase>
        <testcase classname="test/hook-integration.e2e-spec.ts" name="Hook Integration (e2e) &gt; Hook Service Management &gt; should handle multiple hooks for the same event" time="0.005988218">
        </testcase>
        <testcase classname="test/hook-integration.e2e-spec.ts" name="Hook Integration (e2e) &gt; Comment Hook Integration &gt; should trigger comment|beforeUpdate filter hook" time="0.008027103">
        </testcase>
        <testcase classname="test/hook-integration.e2e-spec.ts" name="Hook Integration (e2e) &gt; Comment Hook Integration &gt; should trigger comment|afterUpdate action hook" time="0.005949625">
        </testcase>
    </testsuite>
    <testsuite name="test/init.e2e-spec.ts" timestamp="2026-01-25T09:34:39.909Z" hostname="runnervmymu0l" tests="4" failures="0" errors="0" skipped="0" time="0.548503298">
        <testcase classname="test/init.e2e-spec.ts" name="InitController (e2e) - CMS Initialization Flow &gt; POST /api/v2/public/init initializes CMS and creates an admin user" time="0.105112156">
        </testcase>
        <testcase classname="test/init.e2e-spec.ts" name="InitController (e2e) - CMS Initialization Flow &gt; allows the created admin to login via /api/v2/auth/login" time="0.075041872">
        </testcase>
        <testcase classname="test/init.e2e-spec.ts" name="InitController (e2e) - CMS Initialization Flow &gt; repeated initialization returns 409 Conflict" time="0.006255578">
            <system-out>
2026-01-25 09:34:01 [31m[31merror[31m[39m: [PerformanceInterceptor] POST /api/v2/public/init 500 1ms [::ffff:127.0.0.1] - ERROR: CMS is already initialized
ConflictException: CMS is already initialized
    at InitService.initializeCms (/home/runner/work/vanblog/vanblog/packages/server-ng/src/modules/public/init.service.ts:23:13)
    at processTicksAndRejections (node:internal/process/task_queues:105:5)
    at InitController.init (/home/runner/work/vanblog/vanblog/packages/server-ng/src/modules/public/init.controller.ts:18:18)

            </system-out>
        </testcase>
        <testcase classname="test/init.e2e-spec.ts" name="InitController (e2e) - CMS Initialization Flow &gt; DB asserts: admin user has type=admin and permissions [&quot;role:admin&quot;]" time="0.001268855">
        </testcase>
    </testsuite>
    <testsuite name="test/login-log.ts-rest.e2e-spec.ts" timestamp="2026-01-25T09:34:39.910Z" hostname="runnervmymu0l" tests="3" failures="0" errors="0" skipped="0" time="0.418807514">
        <testcase classname="test/login-log.ts-rest.e2e-spec.ts" name="LoginLog Ts-Rest (e2e) &gt; GET /api/v2/auth/logs should return 200 and array" time="0.030861231">
        </testcase>
        <testcase classname="test/login-log.ts-rest.e2e-spec.ts" name="LoginLog Ts-Rest (e2e) &gt; GET /api/v2/auth/logs/failed-attempts/by-username returns count" time="0.005875016">
        </testcase>
        <testcase classname="test/login-log.ts-rest.e2e-spec.ts" name="LoginLog Ts-Rest (e2e) &gt; GET /api/v2/auth/logs/failed-attempts/by-ip returns count" time="0.004437395">
        </testcase>
    </testsuite>
    <testsuite name="test/options.e2e-spec.ts" timestamp="2026-01-25T09:34:39.912Z" hostname="runnervmymu0l" tests="10" failures="0" errors="0" skipped="0" time="0.513014325">
        <testcase classname="test/options.e2e-spec.ts" name="OptionsController (e2e) &gt; GET /api/v2/public/options should return 200 with empty include" time="0.027263226">
        </testcase>
        <testcase classname="test/options.e2e-spec.ts" name="OptionsController (e2e) &gt; GET /api/v2/public/options?include=articles should return articles" time="0.010776309">
        </testcase>
        <testcase classname="test/options.e2e-spec.ts" name="OptionsController (e2e) &gt; GET /api/v2/public/options?include=categories,tags should return categories and tags" time="0.008259689">
        </testcase>
        <testcase classname="test/options.e2e-spec.ts" name="OptionsController (e2e) &gt; GET /api/v2/public/options?include=siteMeta should return site metadata" time="0.007471725">
        </testcase>
        <testcase classname="test/options.e2e-spec.ts" name="OptionsController (e2e) &gt; GET /api/v2/public/options?include=navigation,friendLinks should return navigation and friend links" time="0.007098175">
        </testcase>
        <testcase classname="test/options.e2e-spec.ts" name="OptionsController (e2e) &gt; Cache key should respect query params (different results for different include)" time="0.009725723">
        </testcase>
        <testcase classname="test/options.e2e-spec.ts" name="OptionsController (e2e) &gt; Should handle invalid include values gracefully" time="0.006613276">
        </testcase>
        <testcase classname="test/options.e2e-spec.ts" name="OptionsController (e2e) &gt; Include order should be ignored (categories,tags == tags,categories)" time="0.013987687">
        </testcase>
        <testcase classname="test/options.e2e-spec.ts" name="OptionsController (e2e) &gt; Duplicate include values should be de-duplicated" time="0.00746434">
        </testcase>
        <testcase classname="test/options.e2e-spec.ts" name="OptionsController (e2e) &gt; GET /api/v2/public/options?include=tags should not crash with dirty JSON in articles.tags" time="0.006983093">
        </testcase>
    </testsuite>
    <testsuite name="test/permissions-decorator.e2e-spec.ts" timestamp="2026-01-25T09:34:39.914Z" hostname="runnervmymu0l" tests="7" failures="0" errors="0" skipped="0" time="0.76517997">
        <testcase classname="test/permissions-decorator.e2e-spec.ts" name="Permissions Decorators (e2e) &gt; GET /api/v2/perm-test/a - @Permission(&quot;permtest&quot;, [&quot;read&quot;]) &gt; 401 without auth" time="0.008461386">
        </testcase>
        <testcase classname="test/permissions-decorator.e2e-spec.ts" name="Permissions Decorators (e2e) &gt; GET /api/v2/perm-test/a - @Permission(&quot;permtest&quot;, [&quot;read&quot;]) &gt; 200 with permtest:read" time="0.006800197">
        </testcase>
        <testcase classname="test/permissions-decorator.e2e-spec.ts" name="Permissions Decorators (e2e) &gt; GET /api/v2/perm-test/a - @Permission(&quot;permtest&quot;, [&quot;read&quot;]) &gt; 403 with write only" time="0.003229594">
        </testcase>
        <testcase classname="test/permissions-decorator.e2e-spec.ts" name="Permissions Decorators (e2e) &gt; GET /api/v2/perm-test/b - @Permission(&quot;permtest:read&quot;,&quot;permtest:write&quot;) &gt; 403 with read only" time="0.003303552">
        </testcase>
        <testcase classname="test/permissions-decorator.e2e-spec.ts" name="Permissions Decorators (e2e) &gt; GET /api/v2/perm-test/b - @Permission(&quot;permtest:read&quot;,&quot;permtest:write&quot;) &gt; 200 with read+write" time="0.003118968">
        </testcase>
        <testcase classname="test/permissions-decorator.e2e-spec.ts" name="Permissions Decorators (e2e) &gt; GET /api/v2/perm-test/c - @Perm(&quot;permtest&quot;, [&quot;write&quot;]) &gt; 200 with write" time="0.004141913">
        </testcase>
        <testcase classname="test/permissions-decorator.e2e-spec.ts" name="Permissions Decorators (e2e) &gt; GET /api/v2/perm-test/c - @Perm(&quot;permtest&quot;, [&quot;write&quot;]) &gt; 403 with read only" time="0.002897123">
        </testcase>
    </testsuite>
    <testsuite name="test/picgo-plugins.e2e-spec.ts" timestamp="2026-01-25T09:34:39.916Z" hostname="runnervmymu0l" tests="13" failures="0" errors="0" skipped="0" time="0.832318847">
        <testcase classname="test/picgo-plugins.e2e-spec.ts" name="PicgoPluginsController (e2e) &gt; GET /api/v2/admin/media/picgo/plugins &gt; 401 when no auth" time="0.006111368">
        </testcase>
        <testcase classname="test/picgo-plugins.e2e-spec.ts" name="PicgoPluginsController (e2e) &gt; GET /api/v2/admin/media/picgo/plugins &gt; 403 when no setting:read permission" time="0.003749918">
        </testcase>
        <testcase classname="test/picgo-plugins.e2e-spec.ts" name="PicgoPluginsController (e2e) &gt; GET /api/v2/admin/media/picgo/plugins &gt; 200 with setting:read" time="0.005852394">
        </testcase>
        <testcase classname="test/picgo-plugins.e2e-spec.ts" name="PicgoPluginsController (e2e) &gt; GET /api/v2/admin/media/picgo/plugins/logs &gt; 401 when no auth" time="0.00267171">
        </testcase>
        <testcase classname="test/picgo-plugins.e2e-spec.ts" name="PicgoPluginsController (e2e) &gt; GET /api/v2/admin/media/picgo/plugins/logs &gt; 200 with setting:read" time="0.003976462">
        </testcase>
        <testcase classname="test/picgo-plugins.e2e-spec.ts" name="PicgoPluginsController (e2e) &gt; GET /api/v2/admin/media/picgo/plugins/logs &gt; 403 when only setting:update (no read)" time="0.004029401">
        </testcase>
        <testcase classname="test/picgo-plugins.e2e-spec.ts" name="PicgoPluginsController (e2e) &gt; POST /api/v2/admin/media/picgo/plugins/install &gt; 403 when only setting:read" time="0.003143794">
        </testcase>
        <testcase classname="test/picgo-plugins.e2e-spec.ts" name="PicgoPluginsController (e2e) &gt; POST /api/v2/admin/media/picgo/plugins/install &gt; 500 with invalid Zod validation (ZodError not converted to 400 yet)" time="0.009851418">
            <system-out>
2026-01-25 09:33:35 [31m[31merror[31m[39m: [PerformanceInterceptor] POST /api/v2/admin/media/picgo/plugins/install 500 1ms [::ffff:127.0.0.1] - ERROR: [
  {
    &quot;expected&quot;: &quot;array&quot;,
    &quot;code&quot;: &quot;invalid_type&quot;,
    &quot;path&quot;: [
      &quot;plugins&quot;
    ],
    &quot;message&quot;: &quot;Invalid input: expected array, received undefined&quot;
  }
]
ZodError: [
  {
    &quot;expected&quot;: &quot;array&quot;,
    &quot;code&quot;: &quot;invalid_type&quot;,
    &quot;path&quot;: [
      &quot;plugins&quot;
    ],
    &quot;message&quot;: &quot;Invalid input: expected array, received undefined&quot;
  }
]
    at PicgoPluginsController.install (/home/runner/work/vanblog/vanblog/packages/server-ng/src/modules/media/controllers/picgo-plugins.controller.ts:48:43)
    at /home/runner/work/vanblog/vanblog/node_modules/.pnpm/@nestjs+core@11.0.16_@nestjs+common@11.0.16_class-transformer@0.5.1_class-validator@0.1_a8918efb710a5790ab922bd8c20f72aa/node_modules/@nestjs/core/router/router-execution-context.js:38:29
    at processTicksAndRejections (node:internal/process/task_queues:105:5)

2026-01-25 09:33:35 [31m[31merror[31m[39m: [PerformanceInterceptor] POST /api/v2/admin/media/picgo/plugins/install 500 0ms [::ffff:127.0.0.1] - ERROR: [
  {
    &quot;expected&quot;: &quot;array&quot;,
    &quot;code&quot;: &quot;invalid_type&quot;,
    &quot;path&quot;: [
      &quot;plugins&quot;
    ],
    &quot;message&quot;: &quot;Invalid input: expected array, received string&quot;
  }
]
ZodError: [
  {
    &quot;expected&quot;: &quot;array&quot;,
    &quot;code&quot;: &quot;invalid_type&quot;,
    &quot;path&quot;: [
      &quot;plugins&quot;
    ],
    &quot;message&quot;: &quot;Invalid input: expected array, received string&quot;
  }
]
    at PicgoPluginsController.install (/home/runner/work/vanblog/vanblog/packages/server-ng/src/modules/media/controllers/picgo-plugins.controller.ts:48:43)
    at /home/runner/work/vanblog/vanblog/node_modules/.pnpm/@nestjs+core@11.0.16_@nestjs+common@11.0.16_class-transformer@0.5.1_class-validator@0.1_a8918efb710a5790ab922bd8c20f72aa/node_modules/@nestjs/core/router/router-execution-context.js:38:29
    at processTicksAndRejections (node:internal/process/task_queues:105:5)

            </system-out>
        </testcase>
        <testcase classname="test/picgo-plugins.e2e-spec.ts" name="PicgoPluginsController (e2e) &gt; POST /api/v2/admin/media/picgo/plugins/install &gt; 200 with setting:update and valid plugins" time="0.004604588">
        </testcase>
        <testcase classname="test/picgo-plugins.e2e-spec.ts" name="PicgoPluginsController (e2e) &gt; POST /api/v2/admin/media/picgo/plugins/install &gt; 200 but failure response when plugin installation fails" time="0.003391758">
        </testcase>
        <testcase classname="test/picgo-plugins.e2e-spec.ts" name="PicgoPluginsController (e2e) &gt; POST /api/v2/admin/media/picgo/plugins/uninstall &gt; 403 when only setting:read" time="0.00313611">
        </testcase>
        <testcase classname="test/picgo-plugins.e2e-spec.ts" name="PicgoPluginsController (e2e) &gt; POST /api/v2/admin/media/picgo/plugins/uninstall &gt; 500 with invalid Zod validation (ZodError not converted to 400 yet)" time="0.003907122">
            <system-out>
2026-01-25 09:33:35 [31m[31merror[31m[39m: [PerformanceInterceptor] POST /api/v2/admin/media/picgo/plugins/uninstall 500 1ms [::ffff:127.0.0.1] - ERROR: [
  {
    &quot;expected&quot;: &quot;array&quot;,
    &quot;code&quot;: &quot;invalid_type&quot;,
    &quot;path&quot;: [
      &quot;plugins&quot;
    ],
    &quot;message&quot;: &quot;Invalid input: expected array, received undefined&quot;
  }
]
ZodError: [
  {
    &quot;expected&quot;: &quot;array&quot;,
    &quot;code&quot;: &quot;invalid_type&quot;,
    &quot;path&quot;: [
      &quot;plugins&quot;
    ],
    &quot;message&quot;: &quot;Invalid input: expected array, received undefined&quot;
  }
]
    at PicgoPluginsController.uninstall (/home/runner/work/vanblog/vanblog/packages/server-ng/src/modules/media/controllers/picgo-plugins.controller.ts:73:45)
    at /home/runner/work/vanblog/vanblog/node_modules/.pnpm/@nestjs+core@11.0.16_@nestjs+common@11.0.16_class-transformer@0.5.1_class-validator@0.1_a8918efb710a5790ab922bd8c20f72aa/node_modules/@nestjs/core/router/router-execution-context.js:38:29
    at processTicksAndRejections (node:internal/process/task_queues:105:5)

            </system-out>
        </testcase>
        <testcase classname="test/picgo-plugins.e2e-spec.ts" name="PicgoPluginsController (e2e) &gt; POST /api/v2/admin/media/picgo/plugins/uninstall &gt; 200 but always returns failure due to PicGo limitation" time="0.00271424">
        </testcase>
    </testsuite>
    <testsuite name="test/public-analytics.e2e-spec.ts" timestamp="2026-01-25T09:34:39.918Z" hostname="runnervmymu0l" tests="3" failures="0" errors="0" skipped="0" time="0.69636885">
        <testcase classname="test/public-analytics.e2e-spec.ts" name="PublicAnalyticsController (e2e) &gt; GET /api/v2/analytics/public/overview should return overview with basic fields" time="0.006463827">
        </testcase>
        <testcase classname="test/public-analytics.e2e-spec.ts" name="PublicAnalyticsController (e2e) &gt; GET /api/v2/analytics/public/article/:id should return sanitized stats for the article" time="0.105058241">
        </testcase>
        <testcase classname="test/public-analytics.e2e-spec.ts" name="PublicAnalyticsController (e2e) &gt; GET /api/v2/analytics/public/page-rankings should return sanitized paths and counts" time="0.004440621">
        </testcase>
    </testsuite>
    <testsuite name="test/setting-core-read-persist.e2e-spec.ts" timestamp="2026-01-25T09:34:39.919Z" hostname="runnervmymu0l" tests="4" failures="0" errors="0" skipped="0" time="0.376837899">
        <testcase classname="test/setting-core-read-persist.e2e-spec.ts" name="SettingCoreService read-path default persistence (e2e) &gt; should persist default on first read and return it" time="0.009793981">
        </testcase>
        <testcase classname="test/setting-core-read-persist.e2e-spec.ts" name="SettingCoreService read-path default persistence (e2e) &gt; should not overwrite stored value on subsequent reads with a different default" time="0.006298135">
        </testcase>
        <testcase classname="test/setting-core-read-persist.e2e-spec.ts" name="SettingCoreService read-path default persistence (e2e) &gt; should persist one of the defaults when two concurrent first reads supply different defaults" time="0.00694606">
        </testcase>
        <testcase classname="test/setting-core-read-persist.e2e-spec.ts" name="SettingCoreService read-path default persistence (e2e) &gt; should throw when default exceeds MAX_JSON_LENGTH during first read persistence" time="0.007640453">
        </testcase>
    </testsuite>
    <testsuite name="test/setting-registry-concurrency.e2e-spec.ts" timestamp="2026-01-25T09:34:39.920Z" hostname="runnervmymu0l" tests="2" failures="0" errors="0" skipped="0" time="0.393034395">
        <testcase classname="test/setting-registry-concurrency.e2e-spec.ts" name="SettingRegistryService Concurrency &amp; Edge (e2e) &gt; should upsert concurrently into a single row for the same key" time="0.039713384">
        </testcase>
        <testcase classname="test/setting-registry-concurrency.e2e-spec.ts" name="SettingRegistryService Concurrency &amp; Edge (e2e) &gt; should reject oversized payloads with BadRequestException" time="0.007995786">
        </testcase>
    </testsuite>
    <testsuite name="test/settings-validation.e2e-spec.ts" timestamp="2026-01-25T09:34:39.921Z" hostname="runnervmymu0l" tests="2" failures="0" errors="0" skipped="0" time="0.525611877">
        <testcase classname="test/settings-validation.e2e-spec.ts" name="SettingsController Validation (e2e) &gt; PATCH /api/v2/admin/settings/site-info should return 400 on invalid payload" time="0.01533298">
            <system-out>
2026-01-25 09:34:20 [31m[31merror[31m[39m: [PerformanceInterceptor] PATCH /api/v2/admin/settings/site-info 500 3ms [::ffff:127.0.0.1] - ERROR: Validation failed
BadRequestException: Validation failed
    at SettingCoreController.updateSiteInfo (/home/runner/work/vanblog/vanblog/packages/server-ng/src/modules/setting/setting-core.controller.ts:63:13)
    at /home/runner/work/vanblog/vanblog/node_modules/.pnpm/@nestjs+core@11.0.16_@nestjs+common@11.0.16_class-transformer@0.5.1_class-validator@0.1_a8918efb710a5790ab922bd8c20f72aa/node_modules/@nestjs/core/router/router-execution-context.js:38:29
    at processTicksAndRejections (node:internal/process/task_queues:105:5)

            </system-out>
        </testcase>
        <testcase classname="test/settings-validation.e2e-spec.ts" name="SettingsController Validation (e2e) &gt; PATCH /api/v2/admin/settings/navigation should return 400 on invalid items" time="0.010506185">
            <system-out>
2026-01-25 09:34:20 [31m[31merror[31m[39m: [PerformanceInterceptor] PATCH /api/v2/admin/settings/navigation 500 2ms [::ffff:127.0.0.1] - ERROR: Validation failed
BadRequestException: Validation failed
    at SettingCoreController.updateNavigation (/home/runner/work/vanblog/vanblog/packages/server-ng/src/modules/setting/setting-core.controller.ts:238:13)
    at /home/runner/work/vanblog/vanblog/node_modules/.pnpm/@nestjs+core@11.0.16_@nestjs+common@11.0.16_class-transformer@0.5.1_class-validator@0.1_a8918efb710a5790ab922bd8c20f72aa/node_modules/@nestjs/core/router/router-execution-context.js:38:29
    at processTicksAndRejections (node:internal/process/task_queues:105:5)

            </system-out>
        </testcase>
    </testsuite>
    <testsuite name="test/sitemap-generate.e2e-spec.ts" timestamp="2026-01-25T09:34:39.921Z" hostname="runnervmymu0l" tests="2" failures="0" errors="0" skipped="0" time="0.529225196">
        <testcase classname="test/sitemap-generate.e2e-spec.ts" name="SitemapController - generate &amp; XML (e2e) &gt; POST /api/v2/sitemap/generate should create sitemap.xml with basic URLs" time="0.019117592">
        </testcase>
        <testcase classname="test/sitemap-generate.e2e-spec.ts" name="SitemapController - generate &amp; XML (e2e) &gt; should respect settings.sitemapExtraStaticPaths and include extra URLs" time="0.009967465">
        </testcase>
    </testsuite>
    <testsuite name="test/sitemap-permissions.e2e-spec.ts" timestamp="2026-01-25T09:34:39.922Z" hostname="runnervmymu0l" tests="7" failures="0" errors="0" skipped="0" time="0.737159675">
        <testcase classname="test/sitemap-permissions.e2e-spec.ts" name="SitemapController - permissions (e2e) &gt; POST /api/v2/sitemap/generate &gt; should return 401 without auth" time="0.00739991">
        </testcase>
        <testcase classname="test/sitemap-permissions.e2e-spec.ts" name="SitemapController - permissions (e2e) &gt; POST /api/v2/sitemap/generate &gt; should return 403 with sitemap:read only (missing sitemap:generate)" time="0.006152024">
        </testcase>
        <testcase classname="test/sitemap-permissions.e2e-spec.ts" name="SitemapController - permissions (e2e) &gt; POST /api/v2/sitemap/generate &gt; should allow with sitemap:generate" time="0.01063256">
        </testcase>
        <testcase classname="test/sitemap-permissions.e2e-spec.ts" name="SitemapController - permissions (e2e) &gt; GET /api/v2/sitemap/status &gt; should require auth" time="0.002736071">
        </testcase>
        <testcase classname="test/sitemap-permissions.e2e-spec.ts" name="SitemapController - permissions (e2e) &gt; GET /api/v2/sitemap/status &gt; should allow with sitemap:read" time="0.00412458">
        </testcase>
        <testcase classname="test/sitemap-permissions.e2e-spec.ts" name="SitemapController - permissions (e2e) &gt; GET /api/v2/sitemap/urls &gt; should require auth" time="0.002401194">
        </testcase>
        <testcase classname="test/sitemap-permissions.e2e-spec.ts" name="SitemapController - permissions (e2e) &gt; GET /api/v2/sitemap/urls &gt; should allow with sitemap:read" time="0.005500726">
        </testcase>
    </testsuite>
    <testsuite name="test/tags.e2e-spec.ts" timestamp="2026-01-25T09:34:39.923Z" hostname="runnervmymu0l" tests="1" failures="0" errors="0" skipped="0" time="0.424250388">
        <testcase classname="test/tags.e2e-spec.ts" name="TagController (e2e) - dirty JSON regression &gt; GET /api/v2/tags should not fail with invalid JSON in articles.tags and counts should ignore invalid/hidden rows" time="0.020787437">
        </testcase>
    </testsuite>
    <testsuite name="test/timeline.e2e-spec.ts" timestamp="2026-01-25T09:34:39.924Z" hostname="runnervmymu0l" tests="3" failures="0" errors="0" skipped="0" time="0.480805301">
        <testcase classname="test/timeline.e2e-spec.ts" name="TimelineController (e2e) &gt; GET /api/v2/public/timeline should group by year and exclude hidden/private by default" time="0.031390581">
        </testcase>
        <testcase classname="test/timeline.e2e-spec.ts" name="TimelineController (e2e) &gt; GET /api/v2/public/timeline?includeHidden=true should include hidden but still exclude private" time="0.009789151">
        </testcase>
        <testcase classname="test/timeline.e2e-spec.ts" name="TimelineController (e2e) &gt; Cache key should respect query params (different results for different includeHidden)" time="0.012111598">
        </testcase>
    </testsuite>
    <testsuite name="test/v1-deprecation.e2e-spec.ts" timestamp="2026-01-25T09:34:39.924Z" hostname="runnervmymu0l" tests="6" failures="0" errors="0" skipped="0" time="0.29799995">
        <testcase classname="test/v1-deprecation.e2e-spec.ts" name="V1 API Deprecation (e2e) &gt; should return 410 Gone for v1 public endpoints" time="0.022651479">
            <system-out>
2026-01-25 09:34:06 [33m[33mwarn[33m[39m: [V1DeprecationMiddleware] Deprecated V1 API access attempt: GET /api/v1/public/getByOption from ::ffff:127.0.0.1

            </system-out>
        </testcase>
        <testcase classname="test/v1-deprecation.e2e-spec.ts" name="V1 API Deprecation (e2e) &gt; should return 410 Gone for v1 auth endpoints" time="0.016607015">
            <system-out>
2026-01-25 09:34:06 [33m[33mwarn[33m[39m: [V1DeprecationMiddleware] Deprecated V1 API access attempt: POST /api/v1/auth/login from ::ffff:127.0.0.1

            </system-out>
        </testcase>
        <testcase classname="test/v1-deprecation.e2e-spec.ts" name="V1 API Deprecation (e2e) &gt; should provide specific migration guidance for searchArticle" time="0.005227835">
            <system-out>
2026-01-25 09:34:06 [33m[33mwarn[33m[39m: [V1DeprecationMiddleware] Deprecated V1 API access attempt: GET /api/v1/public/searchArticle?keyword=test from ::ffff:127.0.0.1

            </system-out>
        </testcase>
        <testcase classname="test/v1-deprecation.e2e-spec.ts" name="V1 API Deprecation (e2e) &gt; should provide specific migration guidance for timeline" time="0.003696329">
            <system-out>
2026-01-25 09:34:06 [33m[33mwarn[33m[39m: [V1DeprecationMiddleware] Deprecated V1 API access attempt: GET /api/v1/public/getTimeLineInfo from ::ffff:127.0.0.1

            </system-out>
        </testcase>
        <testcase classname="test/v1-deprecation.e2e-spec.ts" name="V1 API Deprecation (e2e) &gt; should allow v2 endpoints to work normally" time="0.006743012">
        </testcase>
        <testcase classname="test/v1-deprecation.e2e-spec.ts" name="V1 API Deprecation (e2e) &gt; should allow non-api paths to work normally" time="0.00440753">
        </testcase>
    </testsuite>
    <testsuite name="test/workflows/article-publishing.e2e-spec.ts" timestamp="2026-01-25T09:34:39.926Z" hostname="runnervmymu0l" tests="5" failures="0" errors="0" skipped="0" time="0.611384183">
        <testcase classname="test/workflows/article-publishing.e2e-spec.ts" name="Article Publishing Workflow (e2e) &gt; Basic publish workflow: Create → Edit → Verify &gt; should complete full article creation and modification cycle" time="0.027531919">
        </testcase>
        <testcase classname="test/workflows/article-publishing.e2e-spec.ts" name="Article Publishing Workflow (e2e) &gt; Article with tags and categories &gt; should preserve tag and category relationships" time="0.016335644">
        </testcase>
        <testcase classname="test/workflows/article-publishing.e2e-spec.ts" name="Article Publishing Workflow (e2e) &gt; Private article with password protection &gt; should create unpublished article and verify access control" time="0.013364142">
        </testcase>
        <testcase classname="test/workflows/article-publishing.e2e-spec.ts" name="Article Publishing Workflow (e2e) &gt; Concurrent article edits safety &gt; should handle concurrent edits without data loss" time="0.01655774">
        </testcase>
        <testcase classname="test/workflows/article-publishing.e2e-spec.ts" name="Article Publishing Workflow (e2e) &gt; Article with media references &gt; should preserve media references in article content" time="0.01076607">
        </testcase>
    </testsuite>
    <testsuite name="test/workflows/media-pipeline.e2e-spec.ts" timestamp="2026-01-25T09:34:39.927Z" hostname="runnervmymu0l" tests="7" failures="0" errors="0" skipped="0" time="0.684250341">
        <testcase classname="test/workflows/media-pipeline.e2e-spec.ts" name="Media Upload Pipeline (e2e) &gt; Single image upload and processing &gt; should upload image and verify processing" time="0.035839527">
        </testcase>
        <testcase classname="test/workflows/media-pipeline.e2e-spec.ts" name="Media Upload Pipeline (e2e) &gt; Batch upload &gt; should handle multiple uploads in sequence" time="0.026571401">
        </testcase>
        <testcase classname="test/workflows/media-pipeline.e2e-spec.ts" name="Media Upload Pipeline (e2e) &gt; Concurrent upload isolation &gt; should maintain data consistency with sequential uploads" time="0.042148486">
        </testcase>
        <testcase classname="test/workflows/media-pipeline.e2e-spec.ts" name="Media Upload Pipeline (e2e) &gt; Media metadata &gt; should preserve metadata during upload" time="0.009973394">
        </testcase>
        <testcase classname="test/workflows/media-pipeline.e2e-spec.ts" name="Media Upload Pipeline (e2e) &gt; Media deletion &gt; should delete media and verify removal" time="0.014112503">
        </testcase>
        <testcase classname="test/workflows/media-pipeline.e2e-spec.ts" name="Media Upload Pipeline (e2e) &gt; Batch media operations &gt; should handle batch deletion of multiple media files" time="0.025844962">
        </testcase>
        <testcase classname="test/workflows/media-pipeline.e2e-spec.ts" name="Media Upload Pipeline (e2e) &gt; Media list and pagination &gt; should list media with pagination" time="0.021151898">
        </testcase>
    </testsuite>
    <testsuite name="test/workflows/plugin-lifecycle.e2e-spec.ts" timestamp="2026-01-25T09:34:39.928Z" hostname="runnervmymu0l" tests="12" failures="0" errors="0" skipped="0" time="0.626400734">
        <testcase classname="test/workflows/plugin-lifecycle.e2e-spec.ts" name="Plugin Lifecycle Integration (e2e) &gt; Plugin initialization and hook system &gt; should verify plugins are loaded on startup" time="0.010932791">
        </testcase>
        <testcase classname="test/workflows/plugin-lifecycle.e2e-spec.ts" name="Plugin Lifecycle Integration (e2e) &gt; Plugin initialization and hook system &gt; should provide plugin metadata endpoint" time="0.009481596">
        </testcase>
        <testcase classname="test/workflows/plugin-lifecycle.e2e-spec.ts" name="Plugin Lifecycle Integration (e2e) &gt; Plugin hook execution &gt; should trigger hooks when articles are created" time="0.011270143">
        </testcase>
        <testcase classname="test/workflows/plugin-lifecycle.e2e-spec.ts" name="Plugin Lifecycle Integration (e2e) &gt; Plugin hook execution &gt; should maintain data integrity with filter hooks" time="0.010780927">
        </testcase>
        <testcase classname="test/workflows/plugin-lifecycle.e2e-spec.ts" name="Plugin Lifecycle Integration (e2e) &gt; Multiple plugin isolation &gt; should verify plugin isolation - one plugin error does not affect others" time="0.009776348">
        </testcase>
        <testcase classname="test/workflows/plugin-lifecycle.e2e-spec.ts" name="Plugin Lifecycle Integration (e2e) &gt; Bootstrap data with plugins &gt; should include plugin-provided data in bootstrap response" time="0.007894556">
        </testcase>
        <testcase classname="test/workflows/plugin-lifecycle.e2e-spec.ts" name="Plugin Lifecycle Integration (e2e) &gt; Plugin configuration &gt; should read and apply plugin configuration" time="0.006058689">
        </testcase>
        <testcase classname="test/workflows/plugin-lifecycle.e2e-spec.ts" name="Plugin Lifecycle Integration (e2e) &gt; Settings integration with plugins &gt; should trigger plugin hooks when settings are updated" time="0.010667084">
        </testcase>
        <testcase classname="test/workflows/plugin-lifecycle.e2e-spec.ts" name="Plugin Lifecycle Integration (e2e) &gt; Article update hooks &gt; should trigger hooks on article updates" time="0.013099627">
        </testcase>
        <testcase classname="test/workflows/plugin-lifecycle.e2e-spec.ts" name="Plugin Lifecycle Integration (e2e) &gt; Article deletion hooks &gt; should trigger hooks when articles are deleted" time="0.016211472">
            <system-out>
2026-01-25 09:33:21 [31m[31merror[31m[39m: [PerformanceInterceptor] GET /api/v2/articles/6 500 1ms [::ffff:127.0.0.1] - ERROR: Article with ID 6 not found
NotFoundException: Article with ID 6 not found
    at ArticleService.findOne (/home/runner/work/vanblog/vanblog/packages/server-ng/src/modules/article/article.service.ts:487:13)
    at processTicksAndRejections (node:internal/process/task_queues:105:5)

            </system-out>
        </testcase>
        <testcase classname="test/workflows/plugin-lifecycle.e2e-spec.ts" name="Plugin Lifecycle Integration (e2e) &gt; Category creation with hooks &gt; should trigger hooks when categories are created/updated" time="0.01105898">
        </testcase>
        <testcase classname="test/workflows/plugin-lifecycle.e2e-spec.ts" name="Plugin Lifecycle Integration (e2e) &gt; RSS feed generation with hooks &gt; should generate RSS feed (verifies RSS plugin hooks)" time="0.00539646">
        </testcase>
    </testsuite>
</testsuites>
