{
  "numTotalTestSuites": 6,
  "numPassedTestSuites": 6,
  "numFailedTestSuites": 0,
  "numPendingTestSuites": 0,
  "numTotalTests": 6,
  "numPassedTests": 6,
  "numFailedTests": 0,
  "numPendingTests": 0,
  "numTodoTests": 0,
  "snapshot": {
    "added": 0,
    "failure": false,
    "filesAdded": 0,
    "filesRemoved": 0,
    "filesRemovedList": [],
    "filesUnmatched": 0,
    "filesUpdated": 0,
    "matched": 0,
    "total": 0,
    "unchecked": 0,
    "uncheckedKeysByFile": [],
    "unmatched": 0,
    "updated": 0,
    "didUpdate": false
  },
  "startTime": 1755905013916,
  "success": true,
  "testResults": [
    {
      "assertionResults": [
        {
          "ancestorTitles": ["ArticleController"],
          "fullName": "ArticleController should be defined",
          "status": "passed",
          "title": "should be defined",
          "duration": 4.923792000000049,
          "failureMessages": [],
          "meta": {}
        },
        {
          "ancestorTitles": ["ArticleController", "update"],
          "fullName": "ArticleController update should delegate to articleService.update and return value",
          "status": "passed",
          "title": "should delegate to articleService.update and return value",
          "duration": 1.3245410000000675,
          "failureMessages": [],
          "meta": {}
        },
        {
          "ancestorTitles": ["ArticleController", "remove"],
          "fullName": "ArticleController remove should delegate to articleService.remove",
          "status": "passed",
          "title": "should delegate to articleService.remove",
          "duration": 0.5945410000000493,
          "failureMessages": [],
          "meta": {}
        },
        {
          "ancestorTitles": ["ArticleController", "verifyPassword"],
          "fullName": "ArticleController verifyPassword should call service.verifyPassword and return response",
          "status": "passed",
          "title": "should call service.verifyPassword and return response",
          "duration": 0.5415409999999383,
          "failureMessages": [],
          "meta": {}
        },
        {
          "ancestorTitles": ["ArticleController", "incrementView"],
          "fullName": "ArticleController incrementView should record article view with ip and user-agent by id",
          "status": "passed",
          "title": "should record article view with ip and user-agent by id",
          "duration": 0.4588340000000244,
          "failureMessages": [],
          "meta": {}
        },
        {
          "ancestorTitles": ["ArticleController", "incrementView"],
          "fullName": "ArticleController incrementView should record article view with ip and user-agent by pathname",
          "status": "passed",
          "title": "should record article view with ip and user-agent by pathname",
          "duration": 0.3869170000000395,
          "failureMessages": [],
          "meta": {}
        }
      ],
      "startTime": 1755905014969,
      "endTime": 1755905014977.4587,
      "status": "passed",
      "message": "",
      "name": "/Users/corn/Code/vanblog/packages/server-ng/src/modules/article/article.controller.spec.ts"
    }
  ]
}
